Using pre-set license
Built from '2020.3/staging' branch; Version is '2020.3.11f1 (99c7afb366b3) revision 10078127'; Using compiler version '192528614'; Build Type 'Release'
OS: 'Windows 10 Home; OS build 19042.1165; Version 2009; 64bit' Language: 'en' Physical Memory: 16299 MB
BatchMode: 1, IsHumanControllingUs: 0, StartBugReporterOnCrash: 0, Is64bit: 1, IsPro: 0

 COMMAND LINE ARGUMENTS:
C:\Program Files\2020.3.11f1\Editor\Unity.exe
-adb2
-batchMode
-noUpm
-name
AssetImportWorker0
-projectPath
C:/Projects/Spirit Calculator/Spirit Calculator
-logFile
Logs/AssetImportWorker0.log
-srvPort
56159
Successfully changed project path to: C:/Projects/Spirit Calculator/Spirit Calculator
C:/Projects/Spirit Calculator/Spirit Calculator
Using Asset Import Pipeline V2.
Refreshing native plugins compatible for Editor in 30.03 ms, found 2 plugins.
Preloading 0 native plugins for Editor in 0.00 ms.
Initialize engine version: 2020.3.11f1 (99c7afb366b3)
[Subsystems] Discovering subsystems at path C:/Program Files/2020.3.11f1/Editor/Data/Resources/UnitySubsystems
[Subsystems] Discovering subsystems at path C:/Projects/Spirit Calculator/Spirit Calculator/Assets
GfxDevice: creating device client; threaded=0
Direct3D:
    Version:  Direct3D 11.0 [level 11.1]
    Renderer: NVIDIA GeForce RTX 3070 (ID=0x2484)
    Vendor:   
    VRAM:     8043 MB
    Driver:   27.21.14.6109
Initialize mono
Mono path[0] = 'C:/Program Files/2020.3.11f1/Editor/Data/Managed'
Mono path[1] = 'C:/Program Files/2020.3.11f1/Editor/Data/MonoBleedingEdge/lib/mono/unityjit'
Mono config path = 'C:/Program Files/2020.3.11f1/Editor/Data/MonoBleedingEdge/etc'
Using monoOptions --debugger-agent=transport=dt_socket,embedding=1,server=y,suspend=n,address=127.0.0.1:56220
Begin MonoManager ReloadAssembly
Registering precompiled unity dll's ...
Register platform support module: C:/Program Files/2020.3.11f1/Editor/Data/PlaybackEngines/MacStandaloneSupport/UnityEditor.OSXStandalone.Extensions.dll
Register platform support module: C:/Program Files/2020.3.11f1/Editor/Data/PlaybackEngines/WindowsStandaloneSupport/UnityEditor.WindowsStandalone.Extensions.dll
Registered in 0.003002 seconds.
Native extension for WindowsStandalone target not found
Native extension for OSXStandalone target not found
Refreshing native plugins compatible for Editor in 26.62 ms, found 2 plugins.
Preloading 0 native plugins for Editor in 0.00 ms.
Mono: successfully reloaded assembly
- Completed reload, in  1.203 seconds
Platform modules already initialized, skipping
Registering precompiled user dll's ...
Registered in 0.004763 seconds.
Begin MonoManager ReloadAssembly
Native extension for WindowsStandalone target not found
Native extension for OSXStandalone target not found
Refreshing native plugins compatible for Editor in 0.54 ms, found 2 plugins.
Preloading 0 native plugins for Editor in 0.00 ms.
Mono: successfully reloaded assembly
- Completed reload, in  1.021 seconds
Platform modules already initialized, skipping
========================================================================
Worker process is ready to serve import requests
Launched and connected shader compiler UnityShaderCompiler.exe after 0.04 seconds
Refreshing native plugins compatible for Editor in 0.32 ms, found 2 plugins.
Preloading 0 native plugins for Editor in 0.00 ms.
Unloading 1386 Unused Serialized files (Serialized files now loaded: 0)
System memory in use before: 64.7 MB.
System memory in use after: 64.7 MB.

Unloading 19 unused Assets to reduce memory usage. Loaded Objects now: 1819.
Total: 2.951700 ms (FindLiveObjects: 0.208500 ms CreateObjectMapping: 0.034900 ms MarkObjects: 2.601100 ms  DeleteObjects: 0.104800 ms)

========================================================================
Received Import Request.
  path: Assets/Scenes
  artifactKey: Guid(b443cb89986a5d24e866c4dafa40bdcf) Importer(815301076,1909f56bfc062723c751e8b465ee728b)
Start importing Assets/Scenes using Guid(b443cb89986a5d24e866c4dafa40bdcf) Importer(815301076,1909f56bfc062723c751e8b465ee728b)  -> (artifact id: 'b18e7cfc0f267260d3c279169929edae') in 0.009941 seconds
  Import took 0.012448 seconds .

========================================================================
Received Import Request.
  Time since last request: 10.306689 seconds.
  path: Assets/Scenes/CalculatorScene.unity
  artifactKey: Guid(49759e9d4e914aa449fbcabfee52348b) Importer(815301076,1909f56bfc062723c751e8b465ee728b)
Start importing Assets/Scenes/CalculatorScene.unity using Guid(49759e9d4e914aa449fbcabfee52348b) Importer(815301076,1909f56bfc062723c751e8b465ee728b)  -> (artifact id: 'b2f59544826b99c38d46374ac01174c1') in 0.016217 seconds
  Import took 0.019681 seconds .

========================================================================
Received Import Request.
  Time since last request: 3.250726 seconds.
  path: Assets
  artifactKey: Guid(00000000000000001000000000000000) Importer(815301076,1909f56bfc062723c751e8b465ee728b)
Start importing Assets using Guid(00000000000000001000000000000000) Importer(815301076,1909f56bfc062723c751e8b465ee728b)  -> (artifact id: '42d402b061de3733987d63b9cc3b64de') in 0.009469 seconds
  Import took 0.012105 seconds .

========================================================================
Received Import Request.
  Time since last request: 4.577490 seconds.
  path: Assets/Scripts
  artifactKey: Guid(d4331f6046646804690629e690446caf) Importer(815301076,1909f56bfc062723c751e8b465ee728b)
Start importing Assets/Scripts using Guid(d4331f6046646804690629e690446caf) Importer(815301076,1909f56bfc062723c751e8b465ee728b)  -> (artifact id: 'b1e73ca2acc600d79eb26f4e4dd2f0af') in 0.007564 seconds
  Import took 0.010110 seconds .

========================================================================
Received Import Request.
  Time since last request: 164.783698 seconds.
  path: Assets/Assets
  artifactKey: Guid(f2d8af8e73b1bc9459c2a319ca1aa8af) Importer(815301076,1909f56bfc062723c751e8b465ee728b)
Start importing Assets/Assets using Guid(f2d8af8e73b1bc9459c2a319ca1aa8af) Importer(815301076,1909f56bfc062723c751e8b465ee728b)  -> (artifact id: '37c5e6f56a0ae5ded6510d105ad4bdaf') in 0.004356 seconds
  Import took 0.008331 seconds .

========================================================================
Received Import Request.
  Time since last request: 8.616230 seconds.
  path: Assets/Assets/Douglas Laing Logo.png
  artifactKey: Guid(c74f297ac4bd36b488730939132ef4ba) Importer(815301076,1909f56bfc062723c751e8b465ee728b)
Start importing Assets/Assets/Douglas Laing Logo.png using Guid(c74f297ac4bd36b488730939132ef4ba) Importer(815301076,1909f56bfc062723c751e8b465ee728b)  -> (artifact id: 'b3cbc44edb328ff20f294509cc303c65') in 0.084412 seconds
  Import took 0.086926 seconds .

========================================================================
Received Import Request.
  Time since last request: 12.363805 seconds.
  path: Assets/Assets/Douglas Laing Logo.png
  artifactKey: Guid(c74f297ac4bd36b488730939132ef4ba) Importer(815301076,1909f56bfc062723c751e8b465ee728b)
Start importing Assets/Assets/Douglas Laing Logo.png using Guid(c74f297ac4bd36b488730939132ef4ba) Importer(815301076,1909f56bfc062723c751e8b465ee728b)  -> (artifact id: 'a2520df0b6f78b38cd546bb6f06f7436') in 0.069343 seconds
  Import took 0.071804 seconds .

========================================================================
Received Prepare
Registering precompiled user dll's ...
Registered in 0.004571 seconds.
Begin MonoManager ReloadAssembly
Native extension for WindowsStandalone target not found
Native extension for OSXStandalone target not found
Refreshing native plugins compatible for Editor in 0.32 ms, found 2 plugins.
Preloading 0 native plugins for Editor in 0.00 ms.
Mono: successfully reloaded assembly
- Completed reload, in  0.958 seconds
Platform modules already initialized, skipping
Refreshing native plugins compatible for Editor in 0.34 ms, found 2 plugins.
Preloading 0 native plugins for Editor in 0.00 ms.
Unloading 1381 Unused Serialized files (Serialized files now loaded: 0)
System memory in use before: 67.7 MB.
System memory in use after: 67.8 MB.

Unloading 14 unused Assets to reduce memory usage. Loaded Objects now: 1828.
Total: 2.000200 ms (FindLiveObjects: 0.160800 ms CreateObjectMapping: 0.033000 ms MarkObjects: 1.748400 ms  DeleteObjects: 0.056900 ms)

========================================================================
Received Prepare
Registering precompiled user dll's ...
Registered in 0.005554 seconds.
Begin MonoManager ReloadAssembly
Native extension for WindowsStandalone target not found
Native extension for OSXStandalone target not found
Refreshing native plugins compatible for Editor in 0.33 ms, found 2 plugins.
Preloading 0 native plugins for Editor in 0.00 ms.
Mono: successfully reloaded assembly
- Completed reload, in  0.959 seconds
Platform modules already initialized, skipping
Refreshing native plugins compatible for Editor in 0.37 ms, found 2 plugins.
Preloading 0 native plugins for Editor in 0.00 ms.
Unloading 1381 Unused Serialized files (Serialized files now loaded: 0)
System memory in use before: 67.7 MB.
System memory in use after: 67.8 MB.

Unloading 14 unused Assets to reduce memory usage. Loaded Objects now: 1831.
Total: 2.030500 ms (FindLiveObjects: 0.186000 ms CreateObjectMapping: 0.033200 ms MarkObjects: 1.747500 ms  DeleteObjects: 0.062400 ms)

========================================================================
Received Prepare
Registering precompiled user dll's ...
Registered in 0.005993 seconds.
Begin MonoManager ReloadAssembly
Native extension for WindowsStandalone target not found
Native extension for OSXStandalone target not found
Refreshing native plugins compatible for Editor in 0.33 ms, found 2 plugins.
Preloading 0 native plugins for Editor in 0.00 ms.
Mono: successfully reloaded assembly
- Completed reload, in  0.928 seconds
Platform modules already initialized, skipping
Refreshing native plugins compatible for Editor in 0.32 ms, found 2 plugins.
Preloading 0 native plugins for Editor in 0.00 ms.
Unloading 1381 Unused Serialized files (Serialized files now loaded: 0)
System memory in use before: 67.7 MB.
System memory in use after: 67.8 MB.

Unloading 14 unused Assets to reduce memory usage. Loaded Objects now: 1834.
Total: 1.891300 ms (FindLiveObjects: 0.156300 ms CreateObjectMapping: 0.033200 ms MarkObjects: 1.640600 ms  DeleteObjects: 0.059800 ms)

========================================================================
Received Prepare
Registering precompiled user dll's ...
Registered in 0.004553 seconds.
Begin MonoManager ReloadAssembly
Native extension for WindowsStandalone target not found
Native extension for OSXStandalone target not found
Refreshing native plugins compatible for Editor in 0.34 ms, found 2 plugins.
Preloading 0 native plugins for Editor in 0.00 ms.
Mono: successfully reloaded assembly
- Completed reload, in  1.002 seconds
Platform modules already initialized, skipping
Refreshing native plugins compatible for Editor in 0.33 ms, found 2 plugins.
Preloading 0 native plugins for Editor in 0.00 ms.
Unloading 1381 Unused Serialized files (Serialized files now loaded: 0)
System memory in use before: 67.8 MB.
System memory in use after: 67.8 MB.

Unloading 14 unused Assets to reduce memory usage. Loaded Objects now: 1837.
Total: 2.116100 ms (FindLiveObjects: 0.178400 ms CreateObjectMapping: 0.033800 ms MarkObjects: 1.845100 ms  DeleteObjects: 0.057200 ms)

========================================================================
Received Prepare
Refreshing native plugins compatible for Editor in 3.48 ms, found 2 plugins.
Preloading 0 native plugins for Editor in 0.00 ms.
Unloading 12 Unused Serialized files (Serialized files now loaded: 0)
System memory in use before: 40.6 MB.
System memory in use after: 40.7 MB.

Unloading 12 unused Assets to reduce memory usage. Loaded Objects now: 1837.
Total: 2.033000 ms (FindLiveObjects: 0.171600 ms CreateObjectMapping: 0.033400 ms MarkObjects: 1.773300 ms  DeleteObjects: 0.053900 ms)

========================================================================
Received Prepare
Refreshing native plugins compatible for Editor in 3.69 ms, found 2 plugins.
Preloading 0 native plugins for Editor in 0.00 ms.
Unloading 12 Unused Serialized files (Serialized files now loaded: 0)
System memory in use before: 40.7 MB.
System memory in use after: 40.7 MB.

Unloading 12 unused Assets to reduce memory usage. Loaded Objects now: 1837.
Total: 2.893300 ms (FindLiveObjects: 0.276600 ms CreateObjectMapping: 0.039700 ms MarkObjects: 2.503100 ms  DeleteObjects: 0.073000 ms)

========================================================================
Received Prepare
Refreshing native plugins compatible for Editor in 3.98 ms, found 2 plugins.
Preloading 0 native plugins for Editor in 0.00 ms.
Unloading 12 Unused Serialized files (Serialized files now loaded: 0)
System memory in use before: 40.7 MB.
System memory in use after: 40.7 MB.

Unloading 12 unused Assets to reduce memory usage. Loaded Objects now: 1837.
Total: 2.104300 ms (FindLiveObjects: 0.191800 ms CreateObjectMapping: 0.033300 ms MarkObjects: 1.808400 ms  DeleteObjects: 0.069800 ms)

========================================================================
Received Prepare
Registering precompiled user dll's ...
Registered in 0.005557 seconds.
Begin MonoManager ReloadAssembly
Native extension for WindowsStandalone target not found
Native extension for OSXStandalone target not found
Refreshing native plugins compatible for Editor in 0.63 ms, found 2 plugins.
Preloading 0 native plugins for Editor in 0.00 ms.
Mono: successfully reloaded assembly
- Completed reload, in  1.010 seconds
Platform modules already initialized, skipping
Refreshing native plugins compatible for Editor in 0.37 ms, found 2 plugins.
Preloading 0 native plugins for Editor in 0.00 ms.
Unloading 1381 Unused Serialized files (Serialized files now loaded: 0)
System memory in use before: 67.8 MB.
System memory in use after: 67.8 MB.

Unloading 14 unused Assets to reduce memory usage. Loaded Objects now: 1840.
Total: 2.297500 ms (FindLiveObjects: 0.218300 ms CreateObjectMapping: 0.037200 ms MarkObjects: 1.955600 ms  DeleteObjects: 0.084800 ms)

========================================================================
Received Prepare
Registering precompiled user dll's ...
Registered in 0.005102 seconds.
Begin MonoManager ReloadAssembly
Native extension for WindowsStandalone target not found
Native extension for OSXStandalone target not found
Refreshing native plugins compatible for Editor in 0.39 ms, found 2 plugins.
Preloading 0 native plugins for Editor in 0.00 ms.
Mono: successfully reloaded assembly
- Completed reload, in  0.998 seconds
Platform modules already initialized, skipping
Refreshing native plugins compatible for Editor in 0.39 ms, found 2 plugins.
Preloading 0 native plugins for Editor in 0.00 ms.
Unloading 1428 Unused Serialized files (Serialized files now loaded: 0)
System memory in use before: 70.7 MB.
System memory in use after: 70.1 MB.

Unloading 27 unused Assets to reduce memory usage. Loaded Objects now: 1877.
Total: 2.531700 ms (FindLiveObjects: 0.197500 ms CreateObjectMapping: 0.039400 ms MarkObjects: 1.919700 ms  DeleteObjects: 0.373900 ms)

========================================================================
Received Prepare
Registering precompiled user dll's ...
Registered in 0.005176 seconds.
Begin MonoManager ReloadAssembly
Native extension for WindowsStandalone target not found
Native extension for OSXStandalone target not found
Refreshing native plugins compatible for Editor in 0.34 ms, found 2 plugins.
Preloading 0 native plugins for Editor in 0.00 ms.
Mono: successfully reloaded assembly
- Completed reload, in  0.957 seconds
Platform modules already initialized, skipping
Refreshing native plugins compatible for Editor in 0.36 ms, found 2 plugins.
Preloading 0 native plugins for Editor in 0.00 ms.
Unloading 1428 Unused Serialized files (Serialized files now loaded: 0)
System memory in use before: 70.7 MB.
System memory in use after: 70.1 MB.

Unloading 27 unused Assets to reduce memory usage. Loaded Objects now: 1880.
Total: 2.722300 ms (FindLiveObjects: 0.220300 ms CreateObjectMapping: 0.035800 ms MarkObjects: 2.095600 ms  DeleteObjects: 0.369300 ms)

========================================================================
Received Prepare
Refreshing native plugins compatible for Editor in 3.72 ms, found 2 plugins.
Preloading 0 native plugins for Editor in 0.00 ms.
Unloading 25 Unused Serialized files (Serialized files now loaded: 0)
System memory in use before: 42.9 MB.
System memory in use after: 42.3 MB.

Unloading 25 unused Assets to reduce memory usage. Loaded Objects now: 1880.
Total: 2.303700 ms (FindLiveObjects: 0.167900 ms CreateObjectMapping: 0.033200 ms MarkObjects: 1.723100 ms  DeleteObjects: 0.378800 ms)

========================================================================
Received Prepare
Registering precompiled user dll's ...
Registered in 0.006114 seconds.
Begin MonoManager ReloadAssembly
Native extension for WindowsStandalone target not found
Native extension for OSXStandalone target not found
Refreshing native plugins compatible for Editor in 0.68 ms, found 2 plugins.
Preloading 0 native plugins for Editor in 0.00 ms.
Mono: successfully reloaded assembly
- Completed reload, in  1.248 seconds
Platform modules already initialized, skipping
Refreshing native plugins compatible for Editor in 0.41 ms, found 2 plugins.
Preloading 0 native plugins for Editor in 0.00 ms.
Unloading 1428 Unused Serialized files (Serialized files now loaded: 0)
System memory in use before: 70.7 MB.
System memory in use after: 70.1 MB.

Unloading 27 unused Assets to reduce memory usage. Loaded Objects now: 1883.
Total: 2.507300 ms (FindLiveObjects: 0.174000 ms CreateObjectMapping: 0.035500 ms MarkObjects: 1.891700 ms  DeleteObjects: 0.404700 ms)

========================================================================
Received Prepare
Refreshing native plugins compatible for Editor in 3.90 ms, found 2 plugins.
Preloading 0 native plugins for Editor in 0.00 ms.
Unloading 25 Unused Serialized files (Serialized files now loaded: 0)
System memory in use before: 42.9 MB.
System memory in use after: 42.3 MB.

Unloading 25 unused Assets to reduce memory usage. Loaded Objects now: 1883.
Total: 2.208100 ms (FindLiveObjects: 0.147100 ms CreateObjectMapping: 0.035500 ms MarkObjects: 1.642800 ms  DeleteObjects: 0.381400 ms)

AssetImportWorkerClient::OnTransportError - code=2 error=End of file
